two or more day increases:
2022-09-21: 1293
2022-09-27: 62
2022-09-29: 10
2022-09-30: 16
2022-10-02: 388
2022-10-03: 153
2022-10-04: 123
2022-10-05: 58
2022-10-06: 42
2022-10-07: 50
2022-10-08: 73
2022-10-09: 24
2022-10-10: 6
2022-10-11: 31
2022-10-12: 29
2022-10-13: 33
2022-10-14: 23
2022-10-15: 22
2022-10-16: 10
2022-10-18: 229
2022-10-19: 50
2022-10-20: 35
2022-10-21: 48
2022-10-22: 8
2022-10-23: 9
2022-10-24: 7
2022-10-25: 33
2022-10-26: 25
2022-10-27: 28
2022-10-28: 35
2022-10-29: 16
2022-10-30: 5
2022-10-31: 6
2022-11-01: 33
2022-11-02: 28
2022-11-03: 39
2022-11-04: 23
2022-11-05: 44
2022-11-06: 7
2022-11-07: 4
2022-11-08: 49
2022-11-09: 34
2022-11-10: 44
2022-11-11: 24
2022-11-12: 45
2022-11-13: 3
2022-11-14: 5
2022-11-15: 32
2022-11-16: 28
2022-11-17: 31
2022-11-18: 8
2022-11-19: 16
2022-11-20: 6
2022-11-21: 5
2022-11-22: 25
2022-11-23: 27
2022-11-24: 31
2022-11-25: 34
2022-11-26: 31
2022-11-27: 5
2022-11-28: 4
2022-11-29: 28
2022-11-30: 38
2022-12-01: 24
2022-12-02: 25
2022-12-03: 21
2022-12-04: 2
2022-12-05: 9
2022-12-06: 27
2022-12-07: 35
2022-12-08: 28
2022-12-09: 17
2022-12-10: 30
2022-12-11: 6
2022-12-12: 9
2022-12-13: 17
2022-12-14: 22
2022-12-15: 12
2022-12-16: 19
2022-12-17: 10
2022-12-18: 2
2022-12-19: 6
2022-12-20: 18
2022-12-21: 11
2022-12-22: 24
2022-12-23: 15
2022-12-24: 11
2022-12-26: 2
2022-12-27: 2
2022-12-28: 18
2022-12-29: 14
2022-12-30: 10
2022-12-31: 11
2023-01-01: 4
2023-01-02: 3
2023-01-03: 33
2023-01-04: 22
2023-01-05: 25
2023-01-06: 22
2023-01-07: 24
2023-01-08: 4
2023-01-09: 8
2023-01-10: 35
2023-01-11: 19
2023-01-12: 18
2023-01-13: 17
2023-01-14: 15
2023-01-15: 4
2023-01-16: 6
2023-01-17: 19
2023-01-18: 19
2023-01-19: 10
2023-01-20: 27
2023-01-21: 20
2023-01-22: 7
2023-01-23: 5
2023-01-24: 19
2023-01-25: 16
2023-01-26: 12
2023-01-27: 19
2023-01-28: 17
2023-01-29: 3
2023-01-30: 3
2023-01-31: 21
2023-02-01: 28
2023-02-02: 12
2023-02-03: 22
2023-02-04: 29
2023-02-05: 3
2023-02-06: 1
2023-02-07: 2
2023-02-08: 6
2023-02-09: 3
2023-02-10: 2
2023-02-11: 2
one day increases:
2022-09-20: 3133
2022-09-25: 1
2022-09-26: 216
2022-09-28: 41
2022-09-29: 63
2022-10-01: 114
2022-10-02: 37
2022-10-03: 74
2022-10-04: 363
2022-10-05: 62
2022-10-06: 50
2022-10-07: 88
2022-10-08: 20
2022-10-09: 14
2022-10-10: 81
2022-10-11: 80
2022-10-12: 84
2022-10-13: 73
2022-10-14: 65
2022-10-15: 19
2022-10-17: 86
2022-10-18: 552
2022-10-19: 48
2022-10-20: 67
2022-10-21: 11
2022-10-23: 12
2022-10-22: 13
2022-10-24: 36
2022-10-25: 47
2022-10-26: 51
2022-10-27: 28
2022-10-28: 21
2022-10-29: 9
2022-10-30: 4
2022-10-31: 27
2022-11-01: 42
2022-11-02: 48
2022-11-03: 49
2022-11-04: 26
2022-11-05: 13
2022-11-06: 9
2022-11-07: 32
2022-11-08: 43
2022-11-09: 45
2022-11-10: 46
2022-11-11: 19
2022-11-12: 11
2022-11-13: 8
2022-11-14: 20
2022-11-15: 34
2022-11-16: 22
2022-11-17: 8
2022-11-18: 10
2022-11-19: 5
2022-11-20: 5
2022-11-22: 10
2022-11-21: 5
2022-11-23: 15
2022-11-24: 21
2022-11-25: 7
2022-11-26: 6
2022-11-27: 3
2022-11-28: 4
2022-11-29: 9
2022-11-30: 13
2022-12-01: 25
2022-12-02: 23
2022-12-03: 1
2022-12-05: 2
2022-12-06: 8
2022-12-07: 22
2022-12-08: 7
2022-12-09: 8
2022-12-10: 2
2022-12-11: 4
2022-12-12: 2
2022-12-13: 2
2022-12-14: 5
2022-12-15: 8
2022-12-16: 4
2022-12-17: 1
2022-12-20: 5
2022-12-21: 5
2022-12-22: 1
2022-12-23: 1
2022-12-24: 1
2022-12-27: 3
2022-12-29: 1
2022-12-31: 1
2023-01-02: 1
2023-01-03: 3
2023-01-04: 6
2023-01-05: 9
2023-01-06: 9
2023-01-07: 6
2023-01-08: 1
2023-01-09: 1
2023-01-10: 7
2023-01-11: 20
2023-01-12: 20
2023-01-13: 4
2023-01-17: 8
2023-01-18: 9
2023-01-19: 9
2023-01-20: 9
2023-01-21: 1
2023-01-22: 1
2023-01-24: 10
2023-01-25: 4
2023-01-26: 25
2023-01-27: 7
2023-01-28: 3
2023-01-29: 5
2023-01-30: 6
2023-01-31: 6
2023-02-01: 4
2023-02-02: 24
2023-02-03: 5
2023-02-04: 3
2023-02-05: 1
2023-02-06: 2
2023-02-07: 10
2023-02-08: 5
2023-02-09: 12
2023-02-10: 1
2023-02-11: 2
2023-02-12: 4
one day increases that return to first price:
2022-09-20: 2122
2022-09-25: 1
2022-09-26: 135
2022-09-28: 18
2022-09-29: 35
2022-10-01: 70
2022-10-02: 23
2022-10-03: 44
2022-10-04: 33
2022-10-05: 29
2022-10-06: 34
2022-10-07: 32
2022-10-08: 12
2022-10-09: 10
2022-10-10: 29
2022-10-11: 29
2022-10-12: 32
2022-10-13: 24
2022-10-14: 25
2022-10-15: 12
2022-10-17: 52
2022-10-18: 513
2022-10-19: 28
2022-10-20: 38
2022-10-21: 9
2022-10-22: 8
2022-10-23: 8
2022-10-24: 26
2022-10-25: 30
2022-10-26: 24
2022-10-27: 18
2022-10-28: 13
2022-10-29: 8
2022-10-30: 3
2022-10-31: 18
2022-11-01: 23
2022-11-02: 25
2022-11-03: 18
2022-11-04: 10
2022-11-05: 8
2022-11-06: 7
2022-11-07: 25
2022-11-08: 17
2022-11-09: 15
2022-11-10: 12
2022-11-11: 15
2022-11-12: 8
2022-11-13: 5
2022-11-14: 14
2022-11-15: 14
2022-11-16: 3
2022-11-17: 5
2022-11-18: 5
2022-11-19: 2
2022-11-20: 3
2022-11-22: 5
2022-11-21: 4
2022-11-23: 4
2022-11-24: 7
2022-11-25: 4
2022-11-26: 4
2022-11-27: 1
2022-11-28: 2
2022-11-29: 4
2022-12-01: 1
2022-12-02: 2
2022-12-06: 2
2022-12-14: 1
2022-12-15: 1
2023-01-04: 1
2023-01-05: 1
2023-01-07: 1
2023-01-09: 1
2023-01-11: 2
2023-01-13: 1
2023-01-18: 1
2023-01-19: 1
2023-01-24: 1
2023-02-07: 1
Total: 11437
